<?xml version="1.0" encoding="UTF-8"?>
<testsuite xmlns:xsi="http://www.w3.org/2001/XMLSchema-instance" xsi:noNamespaceSchemaLocation="https://maven.apache.org/surefire/maven-surefire-plugin/xsd/surefire-test-report-3.0.xsd" version="3.0" name="com.mycompany.st10452402survivingtheforest.ST10452402SurvivingTheForestTest" time="0.083" tests="14" errors="0" skipped="0" failures="0">
  <properties>
[...]
</properties>
  <testcase name="testPathHistory" classname="com.mycompany.st10452402survivingtheforest.ST10452402SurvivingTheForestTest" time="0.021"/>
  <testcase name="testFoodEncounter" classname="com.mycompany.st10452402survivingtheforest.ST10452402SurvivingTheForestTest" time="0.005">
    <system-out><![CDATA[You find food, but you’re already at full strength.You nibble out of habit, but it doesn’t give you any more energy.
]]></system-out>
  </testcase>
  <testcase name="testGainHeart" classname="com.mycompany.st10452402survivingtheforest.ST10452402SurvivingTheForestTest" time="0.001"/>
  <testcase name="testDaysLeft" classname="com.mycompany.st10452402survivingtheforest.ST10452402SurvivingTheForestTest" time="0.001"/>
  <testcase name="testRoadEncounter" classname="com.mycompany.st10452402survivingtheforest.ST10452402SurvivingTheForestTest" time="0.007">
    <system-out><![CDATA[As you push through the thick underbrush, your foot suddenly hits gravel instead of soil.The trees thin out, and before you stretches a cracked, weather-beaten road.Relief surges through your chest — you’ve finally found a way out of the endless forest.Somewhere along this road, help will come.
Congratulations, Sohan! You survived the forest.
]]></system-out>
  </testcase>
  <testcase name="testEscapeFlag" classname="com.mycompany.st10452402survivingtheforest.ST10452402SurvivingTheForestTest" time="0.001"/>
  <testcase name="testLoseHeartBelowZero" classname="com.mycompany.st10452402survivingtheforest.ST10452402SurvivingTheForestTest" time="0.001"/>
  <testcase name="testAnimalEncounterDamage" classname="com.mycompany.st10452402survivingtheforest.ST10452402SurvivingTheForestTest" time="0.002">
    <system-out><![CDATA[A venomous snake slithers silently across your path. You freeze, knowing any sudden movement could provoke it. Before you can react, it strikes your leg! Pain surges through your body. You manage to shake it off, but the bite costs you 1 heart. The snake disappears into the underbrush, leaving a lingering threat.
]]></system-out>
  </testcase>
  <testcase name="testGainHeartAboveMax" classname="com.mycompany.st10452402survivingtheforest.ST10452402SurvivingTheForestTest" time="0.002"/>
  <testcase name="testLoseHeart" classname="com.mycompany.st10452402survivingtheforest.ST10452402SurvivingTheForestTest" time="0.001"/>
  <testcase name="testInitialHearts" classname="com.mycompany.st10452402survivingtheforest.ST10452402SurvivingTheForestTest" time="0.001"/>
  <testcase name="testMovesLeft" classname="com.mycompany.st10452402survivingtheforest.ST10452402SurvivingTheForestTest" time="0.002"/>
  <testcase name="testLakeEncounter" classname="com.mycompany.st10452402survivingtheforest.ST10452402SurvivingTheForestTest" time="0.002">
    <system-out><![CDATA[You find a source of water, but your strength is already full.You take a moment to rest before pressing on.
]]></system-out>
  </testcase>
  <testcase name="testStrangerEncounter" classname="com.mycompany.st10452402survivingtheforest.ST10452402SurvivingTheForestTest" time="0.001">
    <system-out><![CDATA[A figure emerges suddenly from the shadows — a stranger with wild eyes and a sharpened stick.He lunges at you in desperation, trying to steal what little you have.You manage to push him away, but not before suffering a painful wound.You lose 1 heart.
]]></system-out>
  </testcase>
</testsuite>